<?xml version="1.0" encoding="UTF-8"?>
<testsuite xmlns:xsi="http://www.w3.org/2001/XMLSchema-instance" xsi:noNamespaceSchemaLocation="https://maven.apache.org/surefire/maven-surefire-plugin/xsd/surefire-test-report.xsd" name="tqs.rest.AppTest" time="2.73" tests="3" errors="0" skipped="0" failures="0">
  <properties>
[...]
</properties>
  <testcase name="testalltodos" classname="tqs.rest.AppTest" time="1.747"/>
  <testcase name="test4todo" classname="tqs.rest.AppTest" time="0.633"/>
  <testcase name="item198and199present" classname="tqs.rest.AppTest" time="0.34"/>
</testsuite>