<?xml version="1.0" encoding="UTF-8"?>
<testsuite xmlns:xsi="http://www.w3.org/2001/XMLSchema-instance" xsi:noNamespaceSchemaLocation="https://maven.apache.org/surefire/maven-surefire-plugin/xsd/surefire-test-report.xsd" name="com.stack.app.TQSStackTest" time="0.045" tests="9" errors="0" skipped="0" failures="0">
  <properties>
[...]
</properties>
  <testcase name="popAfterPush" classname="com.stack.app.TQSStackTest" time="0.02"/>
  <testcase name="exceptionOnPeek" classname="com.stack.app.TQSStackTest" time="0.002"/>
  <testcase name="emptyAfterPops" classname="com.stack.app.TQSStackTest" time="0.001"/>
  <testcase name="boundPush" classname="com.stack.app.TQSStackTest" time="0.001"/>
  <testcase name="peekAfterPush" classname="com.stack.app.TQSStackTest" time="0.002"/>
  <testcase name="exceptionOnPop" classname="com.stack.app.TQSStackTest" time="0.001"/>
  <testcase name="emptyOnInit" classname="com.stack.app.TQSStackTest" time="0.001"/>
  <testcase name="sizeAfterNPushes" classname="com.stack.app.TQSStackTest" time="0.001"/>
  <testcase name="sizeOnInit" classname="com.stack.app.TQSStackTest" time="0.001"/>
</testsuite>